In file included from [01m[K/opt/ros/noetic/include/ros/ros.h:40[m[K,
                 from [01m[K/home/ye/package/src/pkg_publisher/src/ok.cpp:1[m[K:
[01m[K/home/ye/package/src/pkg_publisher/src/ok.cpp:[m[K In function ‘[01m[Kvoid odomCallback(const ConstPtr&)[m[K’:
[01m[K/home/ye/package/src/pkg_publisher/src/ok.cpp:11:35:[m[K [01;31m[Kerror: [m[K‘[01m[Kconst struct nav_msgs::Odometry_<std::allocator<void> >[m[K’ has no member named ‘[01m[Kcurrent_x[m[K’
   11 |     ROS_INFO("x: %f, y: %f", msg->[01;31m[Kcurrent_x[m[K, msg->current_y);
      |                                   [01;31m[K^~~~~~~~~[m[K
[01m[K/opt/ros/noetic/include/ros/console.h:351:165:[m[K [01;36m[Knote: [m[Kin definition of macro ‘[01m[KROSCONSOLE_PRINT_AT_LOCATION_WITH_FILTER[m[K’
  351 |     ::ros::console::print(filter, __rosconsole_define_location__loc.logger_, __rosconsole_define_location__loc.level_, __FILE__, __LINE__, __ROSCONSOLE_FUNCTION__, [01;36m[K__VA_ARGS__[m[K)
      |                                                                                                                                                                     [01;36m[K^~~~~~~~~~~[m[K
[01m[K/opt/ros/noetic/include/ros/console.h:390:7:[m[K [01;36m[Knote: [m[Kin expansion of macro ‘[01m[KROSCONSOLE_PRINT_AT_LOCATION[m[K’
  390 |       [01;36m[KROSCONSOLE_PRINT_AT_LOCATION[m[K(__VA_ARGS__); \
      |       [01;36m[K^~~~~~~~~~~~~~~~~~~~~~~~~~~~[m[K
[01m[K/opt/ros/noetic/include/ros/console.h:575:35:[m[K [01;36m[Knote: [m[Kin expansion of macro ‘[01m[KROS_LOG_COND[m[K’
  575 | #define ROS_LOG(level, name, ...) [01;36m[KROS_LOG_COND[m[K(true, level, name, __VA_ARGS__)
      |                                   [01;36m[K^~~~~~~~~~~~[m[K
[01m[K/opt/ros/noetic/include/rosconsole/macros_generated.h:110:23:[m[K [01;36m[Knote: [m[Kin expansion of macro ‘[01m[KROS_LOG[m[K’
  110 | #define ROS_INFO(...) [01;36m[KROS_LOG[m[K(::ros::console::levels::Info, ROSCONSOLE_DEFAULT_NAME, __VA_ARGS__)
      |                       [01;36m[K^~~~~~~[m[K
[01m[K/home/ye/package/src/pkg_publisher/src/ok.cpp:11:5:[m[K [01;36m[Knote: [m[Kin expansion of macro ‘[01m[KROS_INFO[m[K’
   11 |     [01;36m[KROS_INFO[m[K("x: %f, y: %f", msg->current_x, msg->current_y);
      |     [01;36m[K^~~~~~~~[m[K
[01m[K/home/ye/package/src/pkg_publisher/src/ok.cpp:11:51:[m[K [01;31m[Kerror: [m[K‘[01m[Kconst struct nav_msgs::Odometry_<std::allocator<void> >[m[K’ has no member named ‘[01m[Kcurrent_y[m[K’
   11 |     ROS_INFO("x: %f, y: %f", msg->current_x, msg->[01;31m[Kcurrent_y[m[K);
      |                                                   [01;31m[K^~~~~~~~~[m[K
[01m[K/opt/ros/noetic/include/ros/console.h:351:165:[m[K [01;36m[Knote: [m[Kin definition of macro ‘[01m[KROSCONSOLE_PRINT_AT_LOCATION_WITH_FILTER[m[K’
  351 |     ::ros::console::print(filter, __rosconsole_define_location__loc.logger_, __rosconsole_define_location__loc.level_, __FILE__, __LINE__, __ROSCONSOLE_FUNCTION__, [01;36m[K__VA_ARGS__[m[K)
      |                                                                                                                                                                     [01;36m[K^~~~~~~~~~~[m[K
[01m[K/opt/ros/noetic/include/ros/console.h:390:7:[m[K [01;36m[Knote: [m[Kin expansion of macro ‘[01m[KROSCONSOLE_PRINT_AT_LOCATION[m[K’
  390 |       [01;36m[KROSCONSOLE_PRINT_AT_LOCATION[m[K(__VA_ARGS__); \
      |       [01;36m[K^~~~~~~~~~~~~~~~~~~~~~~~~~~~[m[K
[01m[K/opt/ros/noetic/include/ros/console.h:575:35:[m[K [01;36m[Knote: [m[Kin expansion of macro ‘[01m[KROS_LOG_COND[m[K’
  575 | #define ROS_LOG(level, name, ...) [01;36m[KROS_LOG_COND[m[K(true, level, name, __VA_ARGS__)
      |                                   [01;36m[K^~~~~~~~~~~~[m[K
[01m[K/opt/ros/noetic/include/rosconsole/macros_generated.h:110:23:[m[K [01;36m[Knote: [m[Kin expansion of macro ‘[01m[KROS_LOG[m[K’
  110 | #define ROS_INFO(...) [01;36m[KROS_LOG[m[K(::ros::console::levels::Info, ROSCONSOLE_DEFAULT_NAME, __VA_ARGS__)
      |                       [01;36m[K^~~~~~~[m[K
[01m[K/home/ye/package/src/pkg_publisher/src/ok.cpp:11:5:[m[K [01;36m[Knote: [m[Kin expansion of macro ‘[01m[KROS_INFO[m[K’
   11 |     [01;36m[KROS_INFO[m[K("x: %f, y: %f", msg->current_x, msg->current_y);
      |     [01;36m[K^~~~~~~~[m[K
make[2]: *** [CMakeFiles/ok.dir/build.make:63：CMakeFiles/ok.dir/src/ok.cpp.o] 错误 1
make[1]: *** [CMakeFiles/Makefile2:155：CMakeFiles/ok.dir/all] 错误 2
make: *** [Makefile:141：all] 错误 2
