[01m[K/home/ye/package/src/pkg_publisher/src/vel.cpp:[m[K In function ‘[01m[Kint main(int, char**)[m[K’:
[01m[K/home/ye/package/src/pkg_publisher/src/vel.cpp:14:15:[m[K [01;31m[Kerror: [m[K‘[01m[Karge[m[K’ was not declared in this scope; did you mean ‘[01m[Kargc[m[K’?
   14 |     ros::init([01;31m[Karge[m[K,argv,"pose_subscriber");
      |               [01;31m[K^~~~[m[K
      |               [32m[Kargc[m[K
[01m[K/home/ye/package/src/pkg_publisher/src/vel.cpp:25:12:[m[K [01;31m[Kerror: [m[K‘[01m[Kpose[m[K’ was not declared in this scope
   25 |         if([01;31m[Kpose[m[K.x==0.55 && pose.y==-0.49)
      |            [01;31m[K^~~~[m[K
[01m[K/home/ye/package/src/pkg_publisher/src/vel.cpp:27:11:[m[K [01;31m[Kerror: [m[K‘[01m[Kx[m[K’ was not declared in this scope
   27 |           [01;31m[Kx[m[K=0;
      |           [01;31m[K^[m[K
[01m[K/home/ye/package/src/pkg_publisher/src/vel.cpp:28:11:[m[K [01;31m[Kerror: [m[K‘[01m[Kz[m[K’ was not declared in this scope
   28 |           [01;31m[Kz[m[K=0;
      |           [01;31m[K^[m[K
[01m[K/home/ye/package/src/pkg_publisher/src/vel.cpp:32:13:[m[K [01;31m[Kerror: [m[K‘[01m[Kx[m[K’ was not declared in this scope
   32 |             [01;31m[Kx[m[K=0.1;
      |             [01;31m[K^[m[K
[01m[K/home/ye/package/src/pkg_publisher/src/vel.cpp:33:13:[m[K [01;31m[Kerror: [m[K‘[01m[Kz[m[K’ was not declared in this scope
   33 |             [01;31m[Kz[m[K=0;
      |             [01;31m[K^[m[K
[01m[K/home/ye/package/src/pkg_publisher/src/vel.cpp:35:28:[m[K [01;31m[Kerror: [m[K‘[01m[Kx[m[K’ was not declared in this scope
   35 |         vel_msg.linear.x = [01;31m[Kx[m[K;
      |                            [01;31m[K^[m[K
[01m[K/home/ye/package/src/pkg_publisher/src/vel.cpp:36:29:[m[K [01;31m[Kerror: [m[K‘[01m[Kz[m[K’ was not declared in this scope
   36 |         vel_msg.angular.z = [01;31m[Kz[m[K;
      |                             [01;31m[K^[m[K
make[2]: *** [CMakeFiles/vel.dir/build.make:63：CMakeFiles/vel.dir/src/vel.cpp.o] 错误 1
make[1]: *** [CMakeFiles/Makefile2:155：CMakeFiles/vel.dir/all] 错误 2
make: *** [Makefile:141：all] 错误 2
